2023-06-19 19:12:31,480 INFO o.a.j.u.JMeterUtils: Setting Locale to en_EN
2023-06-19 19:12:31,499 INFO o.a.j.JMeter: Loading user properties from: C:\Program Files\apache-jmeter-5.5\bin\user.properties
2023-06-19 19:12:31,500 INFO o.a.j.JMeter: Loading system properties from: C:\Program Files\apache-jmeter-5.5\bin\system.properties
2023-06-19 19:12:31,506 INFO o.a.j.JMeter: Copyright (c) 1998-2022 The Apache Software Foundation
2023-06-19 19:12:31,506 INFO o.a.j.JMeter: Version 5.5
2023-06-19 19:12:31,506 INFO o.a.j.JMeter: java.version=20.0.1
2023-06-19 19:12:31,506 INFO o.a.j.JMeter: java.vm.name=Java HotSpot(TM) 64-Bit Server VM
2023-06-19 19:12:31,506 INFO o.a.j.JMeter: os.name=Windows 10
2023-06-19 19:12:31,506 INFO o.a.j.JMeter: os.arch=amd64
2023-06-19 19:12:31,506 INFO o.a.j.JMeter: os.version=10.0
2023-06-19 19:12:31,506 INFO o.a.j.JMeter: file.encoding=UTF-8
2023-06-19 19:12:31,507 INFO o.a.j.JMeter: java.awt.headless=true
2023-06-19 19:12:31,507 INFO o.a.j.JMeter: Max memory     =1073741824
2023-06-19 19:12:31,507 INFO o.a.j.JMeter: Available Processors =12
2023-06-19 19:12:31,516 INFO o.a.j.JMeter: Default Locale=English (EN)
2023-06-19 19:12:31,516 INFO o.a.j.JMeter: JMeter  Locale=English (EN)
2023-06-19 19:12:31,516 INFO o.a.j.JMeter: JMeterHome=C:\Program Files\apache-jmeter-5.5
2023-06-19 19:12:31,516 INFO o.a.j.JMeter: user.dir  =C:\Users\alexa\Desktop\DriveAlex\FOAD OpenClassRooms\P11_Boulay_Alexandre\MedHead_Code
2023-06-19 19:12:31,517 INFO o.a.j.JMeter: PWD       =C:\Users\alexa\Desktop\DriveAlex\FOAD OpenClassRooms\P11_Boulay_Alexandre\MedHead_Code
2023-06-19 19:12:31,518 INFO o.a.j.JMeter: IP: 192.168.1.13 Name: DESKTOP-D9HP4FE FullName: host.docker.internal
2023-06-19 19:12:31,530 INFO o.a.j.s.FileServer: Default base='C:\Users\alexa\Desktop\DriveAlex\FOAD OpenClassRooms\P11_Boulay_Alexandre\MedHead_Code'
2023-06-19 19:12:31,530 INFO o.a.j.s.FileServer: Set new base='C:\Users\alexa\Desktop\DriveAlex\FOAD OpenClassRooms\P11_Boulay_Alexandre\MedHead_Code\.'
2023-06-19 19:12:31,723 INFO o.a.j.s.SaveService: Testplan (JMX) version: 2.2. Testlog (JTL) version: 2.2
2023-06-19 19:12:31,750 INFO o.a.j.s.SaveService: Using SaveService properties version 5.0
2023-06-19 19:12:31,753 INFO o.a.j.s.SaveService: Using SaveService properties file encoding UTF-8
2023-06-19 19:12:31,756 INFO o.a.j.s.SaveService: Loading file: .\HTTP Request.jmx
2023-06-19 19:12:31,797 INFO o.a.j.p.h.s.HTTPSamplerBase: Parser for text/html is org.apache.jmeter.protocol.http.parser.LagartoBasedHtmlParser
2023-06-19 19:12:31,797 INFO o.a.j.p.h.s.HTTPSamplerBase: Parser for application/xhtml+xml is org.apache.jmeter.protocol.http.parser.LagartoBasedHtmlParser
2023-06-19 19:12:31,798 INFO o.a.j.p.h.s.HTTPSamplerBase: Parser for application/xml is org.apache.jmeter.protocol.http.parser.LagartoBasedHtmlParser
2023-06-19 19:12:31,798 INFO o.a.j.p.h.s.HTTPSamplerBase: Parser for text/xml is org.apache.jmeter.protocol.http.parser.LagartoBasedHtmlParser
2023-06-19 19:12:31,798 INFO o.a.j.p.h.s.HTTPSamplerBase: Parser for text/vnd.wap.wml is org.apache.jmeter.protocol.http.parser.RegexpHTMLParser
2023-06-19 19:12:31,798 INFO o.a.j.p.h.s.HTTPSamplerBase: Parser for text/css is org.apache.jmeter.protocol.http.parser.CssParser
2023-06-19 19:12:31,870 INFO o.a.j.JMeter: Creating summariser <summary>
2023-06-19 19:12:31,883 INFO o.a.j.e.StandardJMeterEngine: Running the test!
2023-06-19 19:12:31,885 INFO o.a.j.s.SampleEvent: List of sample_variables: []
2023-06-19 19:12:31,885 INFO o.a.j.s.SampleEvent: List of sample_variables: []
2023-06-19 19:12:31,888 INFO o.a.j.e.u.CompoundVariable: Note: Function class names must contain the string: '.functions.'
2023-06-19 19:12:31,888 INFO o.a.j.e.u.CompoundVariable: Note: Function class names must not contain the string: '.gui.'
2023-06-19 19:12:31,940 INFO o.a.j.JMeter: Running test (1687194751940)
2023-06-19 19:12:31,956 INFO o.a.j.e.StandardJMeterEngine: Starting ThreadGroup: 1 : Users
2023-06-19 19:12:31,956 INFO o.a.j.e.StandardJMeterEngine: Starting 1 threads for group Users.
2023-06-19 19:12:31,956 INFO o.a.j.e.StandardJMeterEngine: Thread will continue on error
2023-06-19 19:12:31,956 INFO o.a.j.t.ThreadGroup: Starting thread group... number=1 threads=1 ramp-up=1 delayedStart=false
2023-06-19 19:12:31,963 INFO o.a.j.t.ThreadGroup: Started thread group number 1
2023-06-19 19:12:31,963 INFO o.a.j.e.StandardJMeterEngine: Starting ThreadGroup: 2 : Thread Group
2023-06-19 19:12:31,963 INFO o.a.j.e.StandardJMeterEngine: Starting 50 threads for group Thread Group.
2023-06-19 19:12:31,963 INFO o.a.j.e.StandardJMeterEngine: Thread will continue on error
2023-06-19 19:12:31,963 INFO o.a.j.t.ThreadGroup: Starting thread group... number=2 threads=50 ramp-up=5 delayedStart=false
2023-06-19 19:12:31,965 INFO o.a.j.t.JMeterThread: Thread started: Users 1-1
2023-06-19 19:12:31,982 INFO o.a.j.t.ThreadGroup: Started thread group number 2
2023-06-19 19:12:31,982 INFO o.a.j.e.StandardJMeterEngine: All thread groups have been started
2023-06-19 19:12:31,986 INFO o.a.j.p.h.s.HTTPHCAbstractImpl: Local host = DESKTOP-D9HP4FE
2023-06-19 19:12:31,992 INFO o.a.j.p.h.s.HTTPHC4Impl: HTTP request retry count = 0
2023-06-19 19:12:31,994 INFO o.a.j.s.SampleResult: Note: Sample TimeStamps are START times
2023-06-19 19:12:31,994 INFO o.a.j.s.SampleResult: sampleresult.default.encoding is set to ISO-8859-1
2023-06-19 19:12:31,994 INFO o.a.j.s.SampleResult: sampleresult.useNanoTime=true
2023-06-19 19:12:31,994 INFO o.a.j.s.SampleResult: sampleresult.nanoThreadSleep=5000
2023-06-19 19:12:32,082 INFO o.a.j.p.h.s.h.LazyLayeredConnectionSocketFactory: Setting up HTTPS TrustAll Socket Factory
2023-06-19 19:12:32,087 INFO o.a.j.u.JsseSSLManager: Using default SSL protocol: TLS
2023-06-19 19:12:32,087 INFO o.a.j.u.JsseSSLManager: SSL session context: per-thread
2023-06-19 19:12:32,127 INFO o.a.j.r.Summariser: summary +      1 in 00:00:00 =    5.4/s Avg:    30 Min:    30 Max:    30 Err:     1 (100.00%) Active: 1 Started: 1 Finished: 0
2023-06-19 19:12:32,130 INFO o.a.j.t.JMeterThread: Thread is done: Users 1-1
2023-06-19 19:12:32,130 INFO o.a.j.t.JMeterThread: Thread finished: Users 1-1
2023-06-19 19:12:34,964 INFO o.a.j.t.JMeterThread: Thread started: Thread Group 2-1
2023-06-19 19:12:34,971 INFO o.a.j.t.JMeterThread: Thread is done: Thread Group 2-1
2023-06-19 19:12:34,971 INFO o.a.j.t.JMeterThread: Thread finished: Thread Group 2-1
2023-06-19 19:12:35,064 INFO o.a.j.t.JMeterThread: Thread started: Thread Group 2-2
2023-06-19 19:12:35,070 INFO o.a.j.t.JMeterThread: Thread is done: Thread Group 2-2
2023-06-19 19:12:35,070 INFO o.a.j.t.JMeterThread: Thread finished: Thread Group 2-2
2023-06-19 19:12:35,164 INFO o.a.j.t.JMeterThread: Thread started: Thread Group 2-3
2023-06-19 19:12:35,169 INFO o.a.j.t.JMeterThread: Thread is done: Thread Group 2-3
2023-06-19 19:12:35,170 INFO o.a.j.t.JMeterThread: Thread finished: Thread Group 2-3
2023-06-19 19:12:35,264 INFO o.a.j.t.JMeterThread: Thread started: Thread Group 2-4
2023-06-19 19:12:35,270 INFO o.a.j.t.JMeterThread: Thread is done: Thread Group 2-4
2023-06-19 19:12:35,270 INFO o.a.j.t.JMeterThread: Thread finished: Thread Group 2-4
2023-06-19 19:12:35,364 INFO o.a.j.t.JMeterThread: Thread started: Thread Group 2-5
2023-06-19 19:12:35,369 INFO o.a.j.t.JMeterThread: Thread is done: Thread Group 2-5
2023-06-19 19:12:35,369 INFO o.a.j.t.JMeterThread: Thread finished: Thread Group 2-5
2023-06-19 19:12:35,464 INFO o.a.j.t.JMeterThread: Thread started: Thread Group 2-6
2023-06-19 19:12:35,469 INFO o.a.j.t.JMeterThread: Thread is done: Thread Group 2-6
2023-06-19 19:12:35,469 INFO o.a.j.t.JMeterThread: Thread finished: Thread Group 2-6
2023-06-19 19:12:35,564 INFO o.a.j.t.JMeterThread: Thread started: Thread Group 2-7
2023-06-19 19:12:35,569 INFO o.a.j.t.JMeterThread: Thread is done: Thread Group 2-7
2023-06-19 19:12:35,569 INFO o.a.j.t.JMeterThread: Thread finished: Thread Group 2-7
2023-06-19 19:12:35,664 INFO o.a.j.t.JMeterThread: Thread started: Thread Group 2-8
2023-06-19 19:12:35,668 INFO o.a.j.t.JMeterThread: Thread is done: Thread Group 2-8
2023-06-19 19:12:35,668 INFO o.a.j.t.JMeterThread: Thread finished: Thread Group 2-8
2023-06-19 19:12:35,764 INFO o.a.j.t.JMeterThread: Thread started: Thread Group 2-9
2023-06-19 19:12:35,768 INFO o.a.j.t.JMeterThread: Thread is done: Thread Group 2-9
2023-06-19 19:12:35,768 INFO o.a.j.t.JMeterThread: Thread finished: Thread Group 2-9
2023-06-19 19:12:35,864 INFO o.a.j.t.JMeterThread: Thread started: Thread Group 2-10
2023-06-19 19:12:35,868 INFO o.a.j.t.JMeterThread: Thread is done: Thread Group 2-10
2023-06-19 19:12:35,868 INFO o.a.j.t.JMeterThread: Thread finished: Thread Group 2-10
2023-06-19 19:12:35,964 INFO o.a.j.t.JMeterThread: Thread started: Thread Group 2-11
2023-06-19 19:12:35,968 INFO o.a.j.t.JMeterThread: Thread is done: Thread Group 2-11
2023-06-19 19:12:35,969 INFO o.a.j.t.JMeterThread: Thread finished: Thread Group 2-11
2023-06-19 19:12:36,064 INFO o.a.j.t.JMeterThread: Thread started: Thread Group 2-12
2023-06-19 19:12:36,068 INFO o.a.j.t.JMeterThread: Thread is done: Thread Group 2-12
2023-06-19 19:12:36,069 INFO o.a.j.t.JMeterThread: Thread finished: Thread Group 2-12
2023-06-19 19:12:36,164 INFO o.a.j.t.JMeterThread: Thread started: Thread Group 2-13
2023-06-19 19:12:36,169 INFO o.a.j.t.JMeterThread: Thread is done: Thread Group 2-13
2023-06-19 19:12:36,169 INFO o.a.j.t.JMeterThread: Thread finished: Thread Group 2-13
2023-06-19 19:12:36,265 INFO o.a.j.t.JMeterThread: Thread started: Thread Group 2-14
2023-06-19 19:12:36,270 INFO o.a.j.t.JMeterThread: Thread is done: Thread Group 2-14
2023-06-19 19:12:36,270 INFO o.a.j.t.JMeterThread: Thread finished: Thread Group 2-14
2023-06-19 19:12:36,365 INFO o.a.j.t.JMeterThread: Thread started: Thread Group 2-15
2023-06-19 19:12:36,370 INFO o.a.j.t.JMeterThread: Thread is done: Thread Group 2-15
2023-06-19 19:12:36,370 INFO o.a.j.t.JMeterThread: Thread finished: Thread Group 2-15
2023-06-19 19:12:36,464 INFO o.a.j.t.JMeterThread: Thread started: Thread Group 2-16
2023-06-19 19:12:36,469 INFO o.a.j.t.JMeterThread: Thread is done: Thread Group 2-16
2023-06-19 19:12:36,469 INFO o.a.j.t.JMeterThread: Thread finished: Thread Group 2-16
2023-06-19 19:12:36,564 INFO o.a.j.t.JMeterThread: Thread started: Thread Group 2-17
2023-06-19 19:12:36,568 INFO o.a.j.t.JMeterThread: Thread is done: Thread Group 2-17
2023-06-19 19:12:36,568 INFO o.a.j.t.JMeterThread: Thread finished: Thread Group 2-17
2023-06-19 19:12:36,664 INFO o.a.j.t.JMeterThread: Thread started: Thread Group 2-18
2023-06-19 19:12:36,668 INFO o.a.j.t.JMeterThread: Thread is done: Thread Group 2-18
2023-06-19 19:12:36,668 INFO o.a.j.t.JMeterThread: Thread finished: Thread Group 2-18
2023-06-19 19:12:36,765 INFO o.a.j.t.JMeterThread: Thread started: Thread Group 2-19
2023-06-19 19:12:36,770 INFO o.a.j.t.JMeterThread: Thread is done: Thread Group 2-19
2023-06-19 19:12:36,770 INFO o.a.j.t.JMeterThread: Thread finished: Thread Group 2-19
2023-06-19 19:12:36,864 INFO o.a.j.t.JMeterThread: Thread started: Thread Group 2-20
2023-06-19 19:12:36,869 INFO o.a.j.t.JMeterThread: Thread is done: Thread Group 2-20
2023-06-19 19:12:36,869 INFO o.a.j.t.JMeterThread: Thread finished: Thread Group 2-20
2023-06-19 19:12:36,964 INFO o.a.j.t.JMeterThread: Thread started: Thread Group 2-21
2023-06-19 19:12:36,969 INFO o.a.j.t.JMeterThread: Thread is done: Thread Group 2-21
2023-06-19 19:12:36,969 INFO o.a.j.t.JMeterThread: Thread finished: Thread Group 2-21
2023-06-19 19:12:37,065 INFO o.a.j.t.JMeterThread: Thread started: Thread Group 2-22
2023-06-19 19:12:37,070 INFO o.a.j.t.JMeterThread: Thread is done: Thread Group 2-22
2023-06-19 19:12:37,070 INFO o.a.j.t.JMeterThread: Thread finished: Thread Group 2-22
2023-06-19 19:12:37,165 INFO o.a.j.t.JMeterThread: Thread started: Thread Group 2-23
2023-06-19 19:12:37,169 INFO o.a.j.t.JMeterThread: Thread is done: Thread Group 2-23
2023-06-19 19:12:37,170 INFO o.a.j.t.JMeterThread: Thread finished: Thread Group 2-23
2023-06-19 19:12:37,265 INFO o.a.j.t.JMeterThread: Thread started: Thread Group 2-24
2023-06-19 19:12:37,269 INFO o.a.j.t.JMeterThread: Thread is done: Thread Group 2-24
2023-06-19 19:12:37,269 INFO o.a.j.t.JMeterThread: Thread finished: Thread Group 2-24
2023-06-19 19:12:37,365 INFO o.a.j.t.JMeterThread: Thread started: Thread Group 2-25
2023-06-19 19:12:37,369 INFO o.a.j.t.JMeterThread: Thread is done: Thread Group 2-25
2023-06-19 19:12:37,369 INFO o.a.j.t.JMeterThread: Thread finished: Thread Group 2-25
2023-06-19 19:12:37,464 INFO o.a.j.t.JMeterThread: Thread started: Thread Group 2-26
2023-06-19 19:12:37,468 INFO o.a.j.t.JMeterThread: Thread is done: Thread Group 2-26
2023-06-19 19:12:37,468 INFO o.a.j.t.JMeterThread: Thread finished: Thread Group 2-26
2023-06-19 19:12:37,564 INFO o.a.j.t.JMeterThread: Thread started: Thread Group 2-27
2023-06-19 19:12:37,569 INFO o.a.j.t.JMeterThread: Thread is done: Thread Group 2-27
2023-06-19 19:12:37,569 INFO o.a.j.t.JMeterThread: Thread finished: Thread Group 2-27
2023-06-19 19:12:37,664 INFO o.a.j.t.JMeterThread: Thread started: Thread Group 2-28
2023-06-19 19:12:37,668 INFO o.a.j.t.JMeterThread: Thread is done: Thread Group 2-28
2023-06-19 19:12:37,668 INFO o.a.j.t.JMeterThread: Thread finished: Thread Group 2-28
2023-06-19 19:12:37,764 INFO o.a.j.t.JMeterThread: Thread started: Thread Group 2-29
2023-06-19 19:12:37,768 INFO o.a.j.t.JMeterThread: Thread is done: Thread Group 2-29
2023-06-19 19:12:37,768 INFO o.a.j.t.JMeterThread: Thread finished: Thread Group 2-29
2023-06-19 19:12:37,864 INFO o.a.j.t.JMeterThread: Thread started: Thread Group 2-30
2023-06-19 19:12:37,869 INFO o.a.j.t.JMeterThread: Thread is done: Thread Group 2-30
2023-06-19 19:12:37,869 INFO o.a.j.t.JMeterThread: Thread finished: Thread Group 2-30
2023-06-19 19:12:37,964 INFO o.a.j.t.JMeterThread: Thread started: Thread Group 2-31
2023-06-19 19:12:37,968 INFO o.a.j.t.JMeterThread: Thread is done: Thread Group 2-31
2023-06-19 19:12:37,969 INFO o.a.j.t.JMeterThread: Thread finished: Thread Group 2-31
2023-06-19 19:12:38,065 INFO o.a.j.t.JMeterThread: Thread started: Thread Group 2-32
2023-06-19 19:12:38,070 INFO o.a.j.t.JMeterThread: Thread is done: Thread Group 2-32
2023-06-19 19:12:38,070 INFO o.a.j.t.JMeterThread: Thread finished: Thread Group 2-32
2023-06-19 19:12:38,164 INFO o.a.j.t.JMeterThread: Thread started: Thread Group 2-33
2023-06-19 19:12:38,167 INFO o.a.j.t.JMeterThread: Thread is done: Thread Group 2-33
2023-06-19 19:12:38,168 INFO o.a.j.t.JMeterThread: Thread finished: Thread Group 2-33
2023-06-19 19:12:38,264 INFO o.a.j.t.JMeterThread: Thread started: Thread Group 2-34
2023-06-19 19:12:38,269 INFO o.a.j.t.JMeterThread: Thread is done: Thread Group 2-34
2023-06-19 19:12:38,269 INFO o.a.j.t.JMeterThread: Thread finished: Thread Group 2-34
2023-06-19 19:12:38,365 INFO o.a.j.t.JMeterThread: Thread started: Thread Group 2-35
2023-06-19 19:12:38,369 INFO o.a.j.t.JMeterThread: Thread is done: Thread Group 2-35
2023-06-19 19:12:38,369 INFO o.a.j.t.JMeterThread: Thread finished: Thread Group 2-35
2023-06-19 19:12:38,465 INFO o.a.j.t.JMeterThread: Thread started: Thread Group 2-36
2023-06-19 19:12:38,469 INFO o.a.j.t.JMeterThread: Thread is done: Thread Group 2-36
2023-06-19 19:12:38,469 INFO o.a.j.t.JMeterThread: Thread finished: Thread Group 2-36
2023-06-19 19:12:38,564 INFO o.a.j.t.JMeterThread: Thread started: Thread Group 2-37
2023-06-19 19:12:38,569 INFO o.a.j.t.JMeterThread: Thread is done: Thread Group 2-37
2023-06-19 19:12:38,569 INFO o.a.j.t.JMeterThread: Thread finished: Thread Group 2-37
2023-06-19 19:12:38,664 INFO o.a.j.t.JMeterThread: Thread started: Thread Group 2-38
2023-06-19 19:12:38,668 INFO o.a.j.t.JMeterThread: Thread is done: Thread Group 2-38
2023-06-19 19:12:38,668 INFO o.a.j.t.JMeterThread: Thread finished: Thread Group 2-38
2023-06-19 19:12:38,765 INFO o.a.j.t.JMeterThread: Thread started: Thread Group 2-39
2023-06-19 19:12:38,769 INFO o.a.j.t.JMeterThread: Thread is done: Thread Group 2-39
2023-06-19 19:12:38,769 INFO o.a.j.t.JMeterThread: Thread finished: Thread Group 2-39
2023-06-19 19:12:38,864 INFO o.a.j.t.JMeterThread: Thread started: Thread Group 2-40
2023-06-19 19:12:38,868 INFO o.a.j.t.JMeterThread: Thread is done: Thread Group 2-40
2023-06-19 19:12:38,868 INFO o.a.j.t.JMeterThread: Thread finished: Thread Group 2-40
2023-06-19 19:12:38,965 INFO o.a.j.t.JMeterThread: Thread started: Thread Group 2-41
2023-06-19 19:12:38,969 INFO o.a.j.t.JMeterThread: Thread is done: Thread Group 2-41
2023-06-19 19:12:38,970 INFO o.a.j.t.JMeterThread: Thread finished: Thread Group 2-41
2023-06-19 19:12:39,064 INFO o.a.j.t.JMeterThread: Thread started: Thread Group 2-42
2023-06-19 19:12:39,069 INFO o.a.j.t.JMeterThread: Thread is done: Thread Group 2-42
2023-06-19 19:12:39,070 INFO o.a.j.t.JMeterThread: Thread finished: Thread Group 2-42
2023-06-19 19:12:39,165 INFO o.a.j.t.JMeterThread: Thread started: Thread Group 2-43
2023-06-19 19:12:39,169 INFO o.a.j.t.JMeterThread: Thread is done: Thread Group 2-43
2023-06-19 19:12:39,169 INFO o.a.j.t.JMeterThread: Thread finished: Thread Group 2-43
2023-06-19 19:12:39,264 INFO o.a.j.t.JMeterThread: Thread started: Thread Group 2-44
2023-06-19 19:12:39,268 INFO o.a.j.t.JMeterThread: Thread is done: Thread Group 2-44
2023-06-19 19:12:39,268 INFO o.a.j.t.JMeterThread: Thread finished: Thread Group 2-44
2023-06-19 19:12:39,364 INFO o.a.j.t.JMeterThread: Thread started: Thread Group 2-45
2023-06-19 19:12:39,368 INFO o.a.j.t.JMeterThread: Thread is done: Thread Group 2-45
2023-06-19 19:12:39,368 INFO o.a.j.t.JMeterThread: Thread finished: Thread Group 2-45
2023-06-19 19:12:39,464 INFO o.a.j.t.JMeterThread: Thread started: Thread Group 2-46
2023-06-19 19:12:39,468 INFO o.a.j.t.JMeterThread: Thread is done: Thread Group 2-46
2023-06-19 19:12:39,468 INFO o.a.j.t.JMeterThread: Thread finished: Thread Group 2-46
2023-06-19 19:12:39,564 INFO o.a.j.t.JMeterThread: Thread started: Thread Group 2-47
2023-06-19 19:12:39,568 INFO o.a.j.t.JMeterThread: Thread is done: Thread Group 2-47
2023-06-19 19:12:39,568 INFO o.a.j.t.JMeterThread: Thread finished: Thread Group 2-47
2023-06-19 19:12:39,664 INFO o.a.j.t.JMeterThread: Thread started: Thread Group 2-48
2023-06-19 19:12:39,668 INFO o.a.j.t.JMeterThread: Thread is done: Thread Group 2-48
2023-06-19 19:12:39,668 INFO o.a.j.t.JMeterThread: Thread finished: Thread Group 2-48
2023-06-19 19:12:39,764 INFO o.a.j.t.JMeterThread: Thread started: Thread Group 2-49
2023-06-19 19:12:39,768 INFO o.a.j.t.JMeterThread: Thread is done: Thread Group 2-49
2023-06-19 19:12:39,768 INFO o.a.j.t.JMeterThread: Thread finished: Thread Group 2-49
2023-06-19 19:12:39,864 INFO o.a.j.t.JMeterThread: Thread started: Thread Group 2-50
2023-06-19 19:12:39,868 INFO o.a.j.t.JMeterThread: Thread is done: Thread Group 2-50
2023-06-19 19:12:39,868 INFO o.a.j.t.JMeterThread: Thread finished: Thread Group 2-50
2023-06-19 19:12:39,868 INFO o.a.j.e.StandardJMeterEngine: Notifying test listeners of end of test
2023-06-19 19:12:39,868 INFO o.a.j.r.Summariser: summary +    151 in 00:00:08 =   19.5/s Avg:     0 Min:     0 Max:     2 Err:   151 (100.00%) Active: 0 Started: 51 Finished: 51
2023-06-19 19:12:39,869 INFO o.a.j.r.Summariser: summary =    152 in 00:00:08 =   19.2/s Avg:     1 Min:     0 Max:    30 Err:   152 (100.00%)
