2023-06-15 16:47:07,902 INFO o.a.j.u.JMeterUtils: Setting Locale to en_EN
2023-06-15 16:47:07,922 INFO o.a.j.JMeter: Loading user properties from: C:\Program Files\apache-jmeter-5.5\bin\user.properties
2023-06-15 16:47:07,923 INFO o.a.j.JMeter: Loading system properties from: C:\Program Files\apache-jmeter-5.5\bin\system.properties
2023-06-15 16:47:07,929 INFO o.a.j.JMeter: Copyright (c) 1998-2022 The Apache Software Foundation
2023-06-15 16:47:07,929 INFO o.a.j.JMeter: Version 5.5
2023-06-15 16:47:07,930 INFO o.a.j.JMeter: java.version=20.0.1
2023-06-15 16:47:07,930 INFO o.a.j.JMeter: java.vm.name=Java HotSpot(TM) 64-Bit Server VM
2023-06-15 16:47:07,930 INFO o.a.j.JMeter: os.name=Windows 10
2023-06-15 16:47:07,930 INFO o.a.j.JMeter: os.arch=amd64
2023-06-15 16:47:07,930 INFO o.a.j.JMeter: os.version=10.0
2023-06-15 16:47:07,930 INFO o.a.j.JMeter: file.encoding=UTF-8
2023-06-15 16:47:07,930 INFO o.a.j.JMeter: java.awt.headless=true
2023-06-15 16:47:07,930 INFO o.a.j.JMeter: Max memory     =1073741824
2023-06-15 16:47:07,930 INFO o.a.j.JMeter: Available Processors =12
2023-06-15 16:47:07,941 INFO o.a.j.JMeter: Default Locale=English (EN)
2023-06-15 16:47:07,941 INFO o.a.j.JMeter: JMeter  Locale=English (EN)
2023-06-15 16:47:07,942 INFO o.a.j.JMeter: JMeterHome=C:\Program Files\apache-jmeter-5.5
2023-06-15 16:47:07,942 INFO o.a.j.JMeter: user.dir  =C:\Users\alexa\Desktop\DriveAlex\FOAD OpenClassRooms\P11_Boulay_Alexandre\MedHead_Code\src\main\resources
2023-06-15 16:47:07,942 INFO o.a.j.JMeter: PWD       =C:\Users\alexa\Desktop\DriveAlex\FOAD OpenClassRooms\P11_Boulay_Alexandre\MedHead_Code\src\main\resources
2023-06-15 16:47:07,943 INFO o.a.j.JMeter: IP: 10.10.1.126 Name: DESKTOP-D9HP4FE FullName: DESKTOP-D9HP4FE
2023-06-15 16:47:07,956 INFO o.a.j.s.FileServer: Default base='C:\Users\alexa\Desktop\DriveAlex\FOAD OpenClassRooms\P11_Boulay_Alexandre\MedHead_Code\src\main\resources'
2023-06-15 16:47:07,957 INFO o.a.j.s.FileServer: Set new base='C:\Users\alexa\Desktop\DriveAlex\FOAD OpenClassRooms\P11_Boulay_Alexandre\MedHead_Code\src\main\resources\.'
2023-06-15 16:47:08,151 INFO o.a.j.s.SaveService: Testplan (JMX) version: 2.2. Testlog (JTL) version: 2.2
2023-06-15 16:47:08,177 INFO o.a.j.s.SaveService: Using SaveService properties version 5.0
2023-06-15 16:47:08,180 INFO o.a.j.s.SaveService: Using SaveService properties file encoding UTF-8
2023-06-15 16:47:08,183 INFO o.a.j.s.SaveService: Loading file: .\MedHeadPerfTest.jmx
2023-06-15 16:47:08,225 INFO o.a.j.p.h.s.HTTPSamplerBase: Parser for text/html is org.apache.jmeter.protocol.http.parser.LagartoBasedHtmlParser
2023-06-15 16:47:08,225 INFO o.a.j.p.h.s.HTTPSamplerBase: Parser for application/xhtml+xml is org.apache.jmeter.protocol.http.parser.LagartoBasedHtmlParser
2023-06-15 16:47:08,226 INFO o.a.j.p.h.s.HTTPSamplerBase: Parser for application/xml is org.apache.jmeter.protocol.http.parser.LagartoBasedHtmlParser
2023-06-15 16:47:08,226 INFO o.a.j.p.h.s.HTTPSamplerBase: Parser for text/xml is org.apache.jmeter.protocol.http.parser.LagartoBasedHtmlParser
2023-06-15 16:47:08,226 INFO o.a.j.p.h.s.HTTPSamplerBase: Parser for text/vnd.wap.wml is org.apache.jmeter.protocol.http.parser.RegexpHTMLParser
2023-06-15 16:47:08,226 INFO o.a.j.p.h.s.HTTPSamplerBase: Parser for text/css is org.apache.jmeter.protocol.http.parser.CssParser
2023-06-15 16:47:08,289 INFO o.a.j.s.SampleResult: Note: Sample TimeStamps are START times
2023-06-15 16:47:08,289 INFO o.a.j.s.SampleResult: sampleresult.default.encoding is set to ISO-8859-1
2023-06-15 16:47:08,290 INFO o.a.j.s.SampleResult: sampleresult.useNanoTime=true
2023-06-15 16:47:08,290 INFO o.a.j.s.SampleResult: sampleresult.nanoThreadSleep=5000
2023-06-15 16:47:08,301 INFO o.a.j.JMeter: Creating summariser <summary>
2023-06-15 16:47:08,317 INFO o.a.j.e.StandardJMeterEngine: Running the test!
2023-06-15 16:47:08,318 INFO o.a.j.s.SampleEvent: List of sample_variables: []
2023-06-15 16:47:08,318 INFO o.a.j.s.SampleEvent: List of sample_variables: []
2023-06-15 16:47:08,322 INFO o.a.j.e.u.CompoundVariable: Note: Function class names must contain the string: '.functions.'
2023-06-15 16:47:08,322 INFO o.a.j.e.u.CompoundVariable: Note: Function class names must not contain the string: '.gui.'
2023-06-15 16:47:08,396 INFO o.a.j.v.b.BackendListener: Backend Listener: Starting worker with class: class org.apache.jmeter.visualizers.backend.graphite.GraphiteBackendListenerClient and queue capacity: 5000
2023-06-15 16:47:08,396 INFO o.a.j.v.b.BackendListener: Backend Listener: Started  worker with class: class org.apache.jmeter.visualizers.backend.graphite.GraphiteBackendListenerClient
2023-06-15 16:47:08,417 INFO o.a.j.v.b.g.TextGraphiteMetricsSender: Created TextGraphiteMetricsSender with host: , port: 2003, prefix: jmeter.
2023-06-15 16:47:08,419 INFO o.a.j.JMeter: Running test (1686840428419)
2023-06-15 16:47:08,440 INFO o.a.j.e.StandardJMeterEngine: Starting ThreadGroup: 1 : Users
2023-06-15 16:47:08,440 INFO o.a.j.e.StandardJMeterEngine: Starting 1 threads for group Users.
2023-06-15 16:47:08,440 INFO o.a.j.e.StandardJMeterEngine: Thread will continue on error
2023-06-15 16:47:08,440 INFO o.a.j.t.ThreadGroup: Starting thread group... number=1 threads=1 ramp-up=1 delayedStart=false
2023-06-15 16:47:08,447 INFO o.a.j.t.ThreadGroup: Started thread group number 1
2023-06-15 16:47:08,447 INFO o.a.j.e.StandardJMeterEngine: Waiting for thread group: Users to finish before starting next group
2023-06-15 16:47:08,449 INFO o.a.j.t.JMeterThread: Thread started: Users 1-1
2023-06-15 16:47:08,467 INFO o.a.j.p.h.s.HTTPHCAbstractImpl: Local host = DESKTOP-D9HP4FE
2023-06-15 16:47:08,473 INFO o.a.j.p.h.s.HTTPHC4Impl: HTTP request retry count = 0
2023-06-15 16:47:08,566 INFO o.a.j.p.h.s.h.LazyLayeredConnectionSocketFactory: Setting up HTTPS TrustAll Socket Factory
2023-06-15 16:47:08,571 INFO o.a.j.u.JsseSSLManager: Using default SSL protocol: TLS
2023-06-15 16:47:08,572 INFO o.a.j.u.JsseSSLManager: SSL session context: per-thread
2023-06-15 16:47:08,626 INFO o.a.j.u.SSLManager: JmeterKeyStore Location:  type JKS
2023-06-15 16:47:08,629 INFO o.a.j.u.SSLManager: KeyStore created OK
2023-06-15 16:47:08,629 WARN o.a.j.u.SSLManager: Keystore file not found, loading empty keystore
2023-06-15 16:47:08,991 INFO o.a.j.t.JMeterThread: Thread is done: Users 1-1
2023-06-15 16:47:08,991 INFO o.a.j.t.JMeterThread: Thread finished: Users 1-1
2023-06-15 16:47:08,992 INFO o.a.j.e.StandardJMeterEngine: Starting ThreadGroup: 2 : Thread Group
2023-06-15 16:47:08,992 INFO o.a.j.e.StandardJMeterEngine: Starting 50 threads for group Thread Group.
2023-06-15 16:47:08,992 INFO o.a.j.e.StandardJMeterEngine: Thread will continue on error
2023-06-15 16:47:08,992 INFO o.a.j.t.ThreadGroup: Starting thread group... number=2 threads=50 ramp-up=1 delayedStart=false
2023-06-15 16:47:08,993 INFO o.a.j.t.JMeterThread: Thread started: Thread Group 2-1
2023-06-15 16:47:09,007 INFO o.a.j.t.ThreadGroup: Started thread group number 2
2023-06-15 16:47:09,007 INFO o.a.j.e.StandardJMeterEngine: All thread groups have been started
2023-06-15 16:47:09,014 INFO o.a.j.t.JMeterThread: Thread started: Thread Group 2-2
2023-06-15 16:47:09,027 INFO o.a.j.t.JMeterThread: Thread is done: Thread Group 2-1
2023-06-15 16:47:09,027 INFO o.a.j.t.JMeterThread: Thread finished: Thread Group 2-1
2023-06-15 16:47:09,035 INFO o.a.j.t.JMeterThread: Thread started: Thread Group 2-3
2023-06-15 16:47:09,041 INFO o.a.j.t.JMeterThread: Thread is done: Thread Group 2-2
2023-06-15 16:47:09,041 INFO o.a.j.t.JMeterThread: Thread finished: Thread Group 2-2
2023-06-15 16:47:09,054 INFO o.a.j.t.JMeterThread: Thread started: Thread Group 2-4
2023-06-15 16:47:09,060 INFO o.a.j.t.JMeterThread: Thread is done: Thread Group 2-3
2023-06-15 16:47:09,060 INFO o.a.j.t.JMeterThread: Thread finished: Thread Group 2-3
2023-06-15 16:47:09,075 INFO o.a.j.t.JMeterThread: Thread started: Thread Group 2-5
2023-06-15 16:47:09,083 INFO o.a.j.t.JMeterThread: Thread is done: Thread Group 2-4
2023-06-15 16:47:09,083 INFO o.a.j.t.JMeterThread: Thread finished: Thread Group 2-4
2023-06-15 16:47:09,095 INFO o.a.j.t.JMeterThread: Thread started: Thread Group 2-6
2023-06-15 16:47:09,100 INFO o.a.j.t.JMeterThread: Thread is done: Thread Group 2-5
2023-06-15 16:47:09,100 INFO o.a.j.t.JMeterThread: Thread finished: Thread Group 2-5
2023-06-15 16:47:09,114 INFO o.a.j.t.JMeterThread: Thread started: Thread Group 2-7
2023-06-15 16:47:09,120 INFO o.a.j.t.JMeterThread: Thread is done: Thread Group 2-6
2023-06-15 16:47:09,120 INFO o.a.j.t.JMeterThread: Thread finished: Thread Group 2-6
2023-06-15 16:47:09,133 INFO o.a.j.t.JMeterThread: Thread started: Thread Group 2-8
2023-06-15 16:47:09,138 INFO o.a.j.t.JMeterThread: Thread is done: Thread Group 2-7
2023-06-15 16:47:09,138 INFO o.a.j.t.JMeterThread: Thread finished: Thread Group 2-7
2023-06-15 16:47:09,155 INFO o.a.j.t.JMeterThread: Thread started: Thread Group 2-9
2023-06-15 16:47:09,155 INFO o.a.j.t.JMeterThread: Thread is done: Thread Group 2-8
2023-06-15 16:47:09,155 INFO o.a.j.t.JMeterThread: Thread finished: Thread Group 2-8
2023-06-15 16:47:09,174 INFO o.a.j.t.JMeterThread: Thread started: Thread Group 2-10
2023-06-15 16:47:09,179 INFO o.a.j.t.JMeterThread: Thread is done: Thread Group 2-9
2023-06-15 16:47:09,179 INFO o.a.j.t.JMeterThread: Thread finished: Thread Group 2-9
2023-06-15 16:47:09,193 INFO o.a.j.t.JMeterThread: Thread started: Thread Group 2-11
2023-06-15 16:47:09,198 INFO o.a.j.t.JMeterThread: Thread is done: Thread Group 2-10
2023-06-15 16:47:09,199 INFO o.a.j.t.JMeterThread: Thread finished: Thread Group 2-10
2023-06-15 16:47:09,214 INFO o.a.j.t.JMeterThread: Thread started: Thread Group 2-12
2023-06-15 16:47:09,215 INFO o.a.j.t.JMeterThread: Thread is done: Thread Group 2-11
2023-06-15 16:47:09,216 INFO o.a.j.t.JMeterThread: Thread finished: Thread Group 2-11
2023-06-15 16:47:09,234 INFO o.a.j.t.JMeterThread: Thread started: Thread Group 2-13
2023-06-15 16:47:09,237 INFO o.a.j.t.JMeterThread: Thread is done: Thread Group 2-12
2023-06-15 16:47:09,237 INFO o.a.j.t.JMeterThread: Thread finished: Thread Group 2-12
2023-06-15 16:47:09,254 INFO o.a.j.t.JMeterThread: Thread started: Thread Group 2-14
2023-06-15 16:47:09,256 INFO o.a.j.t.JMeterThread: Thread is done: Thread Group 2-13
2023-06-15 16:47:09,256 INFO o.a.j.t.JMeterThread: Thread finished: Thread Group 2-13
2023-06-15 16:47:09,273 INFO o.a.j.t.JMeterThread: Thread started: Thread Group 2-15
2023-06-15 16:47:09,276 INFO o.a.j.t.JMeterThread: Thread is done: Thread Group 2-14
2023-06-15 16:47:09,277 INFO o.a.j.t.JMeterThread: Thread finished: Thread Group 2-14
2023-06-15 16:47:09,294 INFO o.a.j.t.JMeterThread: Thread is done: Thread Group 2-15
2023-06-15 16:47:09,294 INFO o.a.j.t.JMeterThread: Thread finished: Thread Group 2-15
2023-06-15 16:47:09,295 INFO o.a.j.t.JMeterThread: Thread started: Thread Group 2-16
2023-06-15 16:47:09,315 INFO o.a.j.t.JMeterThread: Thread started: Thread Group 2-17
2023-06-15 16:47:09,318 INFO o.a.j.t.JMeterThread: Thread is done: Thread Group 2-16
2023-06-15 16:47:09,318 INFO o.a.j.t.JMeterThread: Thread finished: Thread Group 2-16
2023-06-15 16:47:09,335 INFO o.a.j.t.JMeterThread: Thread started: Thread Group 2-18
2023-06-15 16:47:09,337 INFO o.a.j.t.JMeterThread: Thread is done: Thread Group 2-17
2023-06-15 16:47:09,337 INFO o.a.j.t.JMeterThread: Thread finished: Thread Group 2-17
2023-06-15 16:47:09,354 INFO o.a.j.t.JMeterThread: Thread started: Thread Group 2-19
2023-06-15 16:47:09,356 INFO o.a.j.t.JMeterThread: Thread is done: Thread Group 2-18
2023-06-15 16:47:09,356 INFO o.a.j.t.JMeterThread: Thread finished: Thread Group 2-18
2023-06-15 16:47:09,376 INFO o.a.j.t.JMeterThread: Thread is done: Thread Group 2-19
2023-06-15 16:47:09,376 INFO o.a.j.t.JMeterThread: Thread finished: Thread Group 2-19
2023-06-15 16:47:09,376 INFO o.a.j.t.JMeterThread: Thread started: Thread Group 2-20
2023-06-15 16:47:09,395 INFO o.a.j.t.JMeterThread: Thread started: Thread Group 2-21
2023-06-15 16:47:09,398 INFO o.a.j.t.JMeterThread: Thread is done: Thread Group 2-20
2023-06-15 16:47:09,398 INFO o.a.j.t.JMeterThread: Thread finished: Thread Group 2-20
2023-06-15 16:47:09,414 INFO o.a.j.t.JMeterThread: Thread started: Thread Group 2-22
2023-06-15 16:47:09,418 INFO o.a.j.t.JMeterThread: Thread is done: Thread Group 2-21
2023-06-15 16:47:09,418 INFO o.a.j.t.JMeterThread: Thread finished: Thread Group 2-21
2023-06-15 16:47:09,434 INFO o.a.j.t.JMeterThread: Thread started: Thread Group 2-23
2023-06-15 16:47:09,440 INFO o.a.j.t.JMeterThread: Thread is done: Thread Group 2-22
2023-06-15 16:47:09,440 INFO o.a.j.t.JMeterThread: Thread finished: Thread Group 2-22
2023-06-15 16:47:09,456 INFO o.a.j.t.JMeterThread: Thread started: Thread Group 2-24
2023-06-15 16:47:09,444 ERROR o.a.j.v.b.g.TextGraphiteMetricsSender: Error writing to Graphite: Connection refused: no further information
java.net.ConnectException: Connection refused: no further information
	at sun.nio.ch.Net.pollConnect(Native Method) ~[?:?]
	at sun.nio.ch.Net.pollConnectNow(Net.java:673) ~[?:?]
	at sun.nio.ch.NioSocketImpl.timedFinishConnect(NioSocketImpl.java:535) ~[?:?]
	at sun.nio.ch.NioSocketImpl.connect(NioSocketImpl.java:585) ~[?:?]
	at java.net.SocksSocketImpl.connect(SocksSocketImpl.java:327) ~[?:?]
	at java.net.Socket.connect(Socket.java:666) ~[?:?]
	at org.apache.jmeter.visualizers.backend.graphite.SocketOutputStreamPoolFactory.create(SocketOutputStreamPoolFactory.java:76) ~[ApacheJMeter_components.jar:5.5]
	at org.apache.jmeter.visualizers.backend.graphite.SocketOutputStreamPoolFactory.makeObject(SocketOutputStreamPoolFactory.java:47) ~[ApacheJMeter_components.jar:5.5]
	at org.apache.jmeter.visualizers.backend.graphite.SocketOutputStreamPoolFactory.makeObject(SocketOutputStreamPoolFactory.java:33) ~[ApacheJMeter_components.jar:5.5]
	at org.apache.commons.pool2.impl.GenericKeyedObjectPool.create(GenericKeyedObjectPool.java:780) ~[commons-pool2-2.11.1.jar:2.11.1]
	at org.apache.commons.pool2.impl.GenericKeyedObjectPool.borrowObject(GenericKeyedObjectPool.java:439) ~[commons-pool2-2.11.1.jar:2.11.1]
	at org.apache.commons.pool2.impl.GenericKeyedObjectPool.borrowObject(GenericKeyedObjectPool.java:350) ~[commons-pool2-2.11.1.jar:2.11.1]
	at org.apache.jmeter.visualizers.backend.graphite.TextGraphiteMetricsSender.writeMetrics(TextGraphiteMetricsSender.java:109) ~[ApacheJMeter_components.jar:5.5]
	at org.apache.jmeter.visualizers.backend.graphite.TextGraphiteMetricsSender.writeAndSendMetrics(TextGraphiteMetricsSender.java:103) ~[ApacheJMeter_components.jar:5.5]
	at org.apache.jmeter.visualizers.backend.graphite.GraphiteBackendListenerClient.sendMetrics(GraphiteBackendListenerClient.java:182) ~[ApacheJMeter_components.jar:5.5]
	at org.apache.jmeter.visualizers.backend.graphite.GraphiteBackendListenerClient.run(GraphiteBackendListenerClient.java:145) ~[ApacheJMeter_components.jar:5.5]
	at java.util.concurrent.Executors$RunnableAdapter.call(Executors.java:577) ~[?:?]
	at java.util.concurrent.FutureTask.runAndReset(FutureTask.java:358) ~[?:?]
	at java.util.concurrent.ScheduledThreadPoolExecutor$ScheduledFutureTask.run(ScheduledThreadPoolExecutor.java:305) ~[?:?]
	at java.util.concurrent.ThreadPoolExecutor.runWorker(ThreadPoolExecutor.java:1144) ~[?:?]
	at java.util.concurrent.ThreadPoolExecutor$Worker.run(ThreadPoolExecutor.java:642) ~[?:?]
	at java.lang.Thread.run(Thread.java:1623) ~[?:?]
2023-06-15 16:47:09,463 INFO o.a.j.t.JMeterThread: Thread is done: Thread Group 2-23
2023-06-15 16:47:09,463 INFO o.a.j.t.JMeterThread: Thread finished: Thread Group 2-23
2023-06-15 16:47:09,477 INFO o.a.j.t.JMeterThread: Thread started: Thread Group 2-25
2023-06-15 16:47:09,485 INFO o.a.j.t.JMeterThread: Thread is done: Thread Group 2-24
2023-06-15 16:47:09,485 INFO o.a.j.t.JMeterThread: Thread finished: Thread Group 2-24
2023-06-15 16:47:09,494 INFO o.a.j.t.JMeterThread: Thread started: Thread Group 2-26
2023-06-15 16:47:09,505 INFO o.a.j.t.JMeterThread: Thread is done: Thread Group 2-25
2023-06-15 16:47:09,506 INFO o.a.j.t.JMeterThread: Thread finished: Thread Group 2-25
2023-06-15 16:47:09,514 INFO o.a.j.t.JMeterThread: Thread started: Thread Group 2-27
2023-06-15 16:47:09,521 INFO o.a.j.t.JMeterThread: Thread is done: Thread Group 2-26
2023-06-15 16:47:09,522 INFO o.a.j.t.JMeterThread: Thread finished: Thread Group 2-26
2023-06-15 16:47:09,533 INFO o.a.j.t.JMeterThread: Thread started: Thread Group 2-28
2023-06-15 16:47:09,539 INFO o.a.j.t.JMeterThread: Thread is done: Thread Group 2-27
2023-06-15 16:47:09,539 INFO o.a.j.t.JMeterThread: Thread finished: Thread Group 2-27
2023-06-15 16:47:09,555 INFO o.a.j.t.JMeterThread: Thread started: Thread Group 2-29
2023-06-15 16:47:09,556 INFO o.a.j.t.JMeterThread: Thread is done: Thread Group 2-28
2023-06-15 16:47:09,556 INFO o.a.j.t.JMeterThread: Thread finished: Thread Group 2-28
2023-06-15 16:47:09,575 INFO o.a.j.t.JMeterThread: Thread started: Thread Group 2-30
2023-06-15 16:47:09,579 INFO o.a.j.t.JMeterThread: Thread is done: Thread Group 2-29
2023-06-15 16:47:09,579 INFO o.a.j.t.JMeterThread: Thread finished: Thread Group 2-29
2023-06-15 16:47:09,594 INFO o.a.j.t.JMeterThread: Thread started: Thread Group 2-31
2023-06-15 16:47:09,602 INFO o.a.j.t.JMeterThread: Thread is done: Thread Group 2-30
2023-06-15 16:47:09,602 INFO o.a.j.t.JMeterThread: Thread finished: Thread Group 2-30
2023-06-15 16:47:09,614 INFO o.a.j.t.JMeterThread: Thread started: Thread Group 2-32
2023-06-15 16:47:09,622 INFO o.a.j.t.JMeterThread: Thread is done: Thread Group 2-31
2023-06-15 16:47:09,622 INFO o.a.j.t.JMeterThread: Thread finished: Thread Group 2-31
2023-06-15 16:47:09,635 INFO o.a.j.t.JMeterThread: Thread started: Thread Group 2-33
2023-06-15 16:47:09,638 INFO o.a.j.t.JMeterThread: Thread is done: Thread Group 2-32
2023-06-15 16:47:09,638 INFO o.a.j.t.JMeterThread: Thread finished: Thread Group 2-32
2023-06-15 16:47:09,654 INFO o.a.j.t.JMeterThread: Thread started: Thread Group 2-34
2023-06-15 16:47:09,656 INFO o.a.j.t.JMeterThread: Thread is done: Thread Group 2-33
2023-06-15 16:47:09,656 INFO o.a.j.t.JMeterThread: Thread finished: Thread Group 2-33
2023-06-15 16:47:09,674 INFO o.a.j.t.JMeterThread: Thread started: Thread Group 2-35
2023-06-15 16:47:09,675 INFO o.a.j.t.JMeterThread: Thread is done: Thread Group 2-34
2023-06-15 16:47:09,675 INFO o.a.j.t.JMeterThread: Thread finished: Thread Group 2-34
2023-06-15 16:47:09,695 INFO o.a.j.t.JMeterThread: Thread is done: Thread Group 2-35
2023-06-15 16:47:09,695 INFO o.a.j.t.JMeterThread: Thread finished: Thread Group 2-35
2023-06-15 16:47:09,696 INFO o.a.j.t.JMeterThread: Thread started: Thread Group 2-36
2023-06-15 16:47:09,716 INFO o.a.j.t.JMeterThread: Thread started: Thread Group 2-37
2023-06-15 16:47:09,717 INFO o.a.j.t.JMeterThread: Thread is done: Thread Group 2-36
2023-06-15 16:47:09,717 INFO o.a.j.t.JMeterThread: Thread finished: Thread Group 2-36
2023-06-15 16:47:09,734 INFO o.a.j.t.JMeterThread: Thread started: Thread Group 2-38
2023-06-15 16:47:09,736 INFO o.a.j.t.JMeterThread: Thread is done: Thread Group 2-37
2023-06-15 16:47:09,737 INFO o.a.j.t.JMeterThread: Thread finished: Thread Group 2-37
2023-06-15 16:47:09,754 INFO o.a.j.t.JMeterThread: Thread started: Thread Group 2-39
2023-06-15 16:47:09,754 INFO o.a.j.t.JMeterThread: Thread is done: Thread Group 2-38
2023-06-15 16:47:09,755 INFO o.a.j.t.JMeterThread: Thread finished: Thread Group 2-38
2023-06-15 16:47:09,775 INFO o.a.j.t.JMeterThread: Thread is done: Thread Group 2-39
2023-06-15 16:47:09,775 INFO o.a.j.t.JMeterThread: Thread finished: Thread Group 2-39
2023-06-15 16:47:09,775 INFO o.a.j.t.JMeterThread: Thread started: Thread Group 2-40
2023-06-15 16:47:09,794 INFO o.a.j.t.JMeterThread: Thread started: Thread Group 2-41
2023-06-15 16:47:09,795 INFO o.a.j.t.JMeterThread: Thread is done: Thread Group 2-40
2023-06-15 16:47:09,795 INFO o.a.j.t.JMeterThread: Thread finished: Thread Group 2-40
2023-06-15 16:47:09,814 INFO o.a.j.t.JMeterThread: Thread started: Thread Group 2-42
2023-06-15 16:47:09,815 INFO o.a.j.t.JMeterThread: Thread is done: Thread Group 2-41
2023-06-15 16:47:09,815 INFO o.a.j.t.JMeterThread: Thread finished: Thread Group 2-41
2023-06-15 16:47:09,833 INFO o.a.j.t.JMeterThread: Thread started: Thread Group 2-43
2023-06-15 16:47:09,835 INFO o.a.j.t.JMeterThread: Thread is done: Thread Group 2-42
2023-06-15 16:47:09,835 INFO o.a.j.t.JMeterThread: Thread finished: Thread Group 2-42
2023-06-15 16:47:09,853 INFO o.a.j.t.JMeterThread: Thread started: Thread Group 2-44
2023-06-15 16:47:09,856 INFO o.a.j.t.JMeterThread: Thread is done: Thread Group 2-43
2023-06-15 16:47:09,856 INFO o.a.j.t.JMeterThread: Thread finished: Thread Group 2-43
2023-06-15 16:47:09,874 INFO o.a.j.t.JMeterThread: Thread is done: Thread Group 2-44
2023-06-15 16:47:09,874 INFO o.a.j.t.JMeterThread: Thread finished: Thread Group 2-44
2023-06-15 16:47:09,875 INFO o.a.j.t.JMeterThread: Thread started: Thread Group 2-45
2023-06-15 16:47:09,894 INFO o.a.j.t.JMeterThread: Thread started: Thread Group 2-46
2023-06-15 16:47:09,895 INFO o.a.j.t.JMeterThread: Thread is done: Thread Group 2-45
2023-06-15 16:47:09,895 INFO o.a.j.t.JMeterThread: Thread finished: Thread Group 2-45
2023-06-15 16:47:09,914 INFO o.a.j.t.JMeterThread: Thread started: Thread Group 2-47
2023-06-15 16:47:09,919 INFO o.a.j.t.JMeterThread: Thread is done: Thread Group 2-46
2023-06-15 16:47:09,919 INFO o.a.j.t.JMeterThread: Thread finished: Thread Group 2-46
2023-06-15 16:47:09,933 INFO o.a.j.t.JMeterThread: Thread started: Thread Group 2-48
2023-06-15 16:47:09,939 INFO o.a.j.t.JMeterThread: Thread is done: Thread Group 2-47
2023-06-15 16:47:09,939 INFO o.a.j.t.JMeterThread: Thread finished: Thread Group 2-47
2023-06-15 16:47:09,953 INFO o.a.j.t.JMeterThread: Thread started: Thread Group 2-49
2023-06-15 16:47:09,957 INFO o.a.j.t.JMeterThread: Thread is done: Thread Group 2-48
2023-06-15 16:47:09,957 INFO o.a.j.t.JMeterThread: Thread finished: Thread Group 2-48
2023-06-15 16:47:09,974 INFO o.a.j.t.JMeterThread: Thread started: Thread Group 2-50
2023-06-15 16:47:09,978 INFO o.a.j.t.JMeterThread: Thread is done: Thread Group 2-49
2023-06-15 16:47:09,978 INFO o.a.j.t.JMeterThread: Thread finished: Thread Group 2-49
2023-06-15 16:47:09,994 INFO o.a.j.t.JMeterThread: Thread is done: Thread Group 2-50
2023-06-15 16:47:09,994 INFO o.a.j.t.JMeterThread: Thread finished: Thread Group 2-50
2023-06-15 16:47:09,995 INFO o.a.j.e.StandardJMeterEngine: Notifying test listeners of end of test
2023-06-15 16:47:09,996 INFO o.a.j.v.b.BackendListener: Worker ended
2023-06-15 16:47:09,998 ERROR o.a.j.v.b.g.TextGraphiteMetricsSender: Error writing to Graphite: Connection refused: no further information
java.net.ConnectException: Connection refused: no further information
	at sun.nio.ch.Net.pollConnect(Native Method) ~[?:?]
	at sun.nio.ch.Net.pollConnectNow(Net.java:673) ~[?:?]
	at sun.nio.ch.NioSocketImpl.timedFinishConnect(NioSocketImpl.java:535) ~[?:?]
	at sun.nio.ch.NioSocketImpl.connect(NioSocketImpl.java:585) ~[?:?]
	at java.net.SocksSocketImpl.connect(SocksSocketImpl.java:327) ~[?:?]
	at java.net.Socket.connect(Socket.java:666) ~[?:?]
	at org.apache.jmeter.visualizers.backend.graphite.SocketOutputStreamPoolFactory.create(SocketOutputStreamPoolFactory.java:76) ~[ApacheJMeter_components.jar:5.5]
	at org.apache.jmeter.visualizers.backend.graphite.SocketOutputStreamPoolFactory.makeObject(SocketOutputStreamPoolFactory.java:47) ~[ApacheJMeter_components.jar:5.5]
	at org.apache.jmeter.visualizers.backend.graphite.SocketOutputStreamPoolFactory.makeObject(SocketOutputStreamPoolFactory.java:33) ~[ApacheJMeter_components.jar:5.5]
	at org.apache.commons.pool2.impl.GenericKeyedObjectPool.create(GenericKeyedObjectPool.java:780) ~[commons-pool2-2.11.1.jar:2.11.1]
	at org.apache.commons.pool2.impl.GenericKeyedObjectPool.borrowObject(GenericKeyedObjectPool.java:439) ~[commons-pool2-2.11.1.jar:2.11.1]
	at org.apache.commons.pool2.impl.GenericKeyedObjectPool.borrowObject(GenericKeyedObjectPool.java:350) ~[commons-pool2-2.11.1.jar:2.11.1]
	at org.apache.jmeter.visualizers.backend.graphite.TextGraphiteMetricsSender.writeMetrics(TextGraphiteMetricsSender.java:109) ~[ApacheJMeter_components.jar:5.5]
	at org.apache.jmeter.visualizers.backend.graphite.TextGraphiteMetricsSender.writeAndSendMetrics(TextGraphiteMetricsSender.java:103) ~[ApacheJMeter_components.jar:5.5]
	at org.apache.jmeter.visualizers.backend.graphite.GraphiteBackendListenerClient.sendMetrics(GraphiteBackendListenerClient.java:182) ~[ApacheJMeter_components.jar:5.5]
	at org.apache.jmeter.visualizers.backend.graphite.GraphiteBackendListenerClient.teardownTest(GraphiteBackendListenerClient.java:363) ~[ApacheJMeter_components.jar:5.5]
	at org.apache.jmeter.visualizers.backend.BackendListener.testEnded(BackendListener.java:375) ~[ApacheJMeter_components.jar:5.5]
	at org.apache.jmeter.visualizers.backend.BackendListener.testEnded(BackendListener.java:383) ~[ApacheJMeter_components.jar:5.5]
	at org.apache.jmeter.engine.StandardJMeterEngine.notifyTestListenersOfEnd(StandardJMeterEngine.java:230) ~[ApacheJMeter_core.jar:5.5]
	at org.apache.jmeter.engine.StandardJMeterEngine.run(StandardJMeterEngine.java:507) ~[ApacheJMeter_core.jar:5.5]
	at java.lang.Thread.run(Thread.java:1623) ~[?:?]
2023-06-15 16:47:09,999 INFO o.a.j.r.Summariser: summary =    102 in 00:00:02 =   64.6/s Avg:    14 Min:     5 Max:   322 Err:     1 (0.98%)
